<?xml version="1.0" encoding="UTF-8"?>
<!-- Generated by org.testng.reporters.JUnitReportReporter -->
<testsuite skipped="0" hostname="DESKTOP-08P06U8" name="tests.CartTest" tests="2" failures="0" timestamp="2020-03-28T17:01:50 CET" time="11.234" errors="0">
  <testcase name="clearCookiesTest" time="4.685" classname="tests.CartTest"/>
  <testcase name="addToCartTest" time="6.549" classname="tests.CartTest"/>
</testsuite> <!-- tests.CartTest -->
