<?xml version="1.0" encoding="UTF-8"?>
<!-- Generated by org.testng.reporters.JUnitReportReporter -->
<testsuite skipped="0" hostname="DESKTOP-08P06U8" name="tests.PetStoreMenuTest" tests="3" failures="0" timestamp="2020-03-26T22:47:34 CET" time="6.332" errors="0">
  <testcase name="verifyUrlTest" time="1.955" classname="tests.PetStoreMenuTest"/>
  <testcase name="linkToRightPageTest" time="1.953" classname="tests.PetStoreMenuTest"/>
  <testcase name="TopMenuContentTest" time="2.424" classname="tests.PetStoreMenuTest"/>
</testsuite> <!-- tests.PetStoreMenuTest -->
