<?xml version="1.0" encoding="UTF-8"?>
<!-- Generated by org.testng.reporters.JUnitReportReporter -->
<testsuite skipped="0" hostname="DESKTOP-08P06U8" name="tests.EnterStoreTest" tests="1" failures="0" timestamp="2020-04-01T00:20:48 CEST" time="1.318" errors="0">
  <testcase name="enterTest" time="1.318" classname="tests.EnterStoreTest"/>
</testsuite> <!-- tests.EnterStoreTest -->
