<?xml version="1.0" encoding="UTF-8"?>
<!-- Generated by org.testng.reporters.JUnitReportReporter -->
<testsuite skipped="0" hostname="DESKTOP-08P06U8" name="tests.EnterStoreTest" tests="1" failures="0" timestamp="2020-03-25T16:41:03 CET" time="1.805" errors="0">
  <testcase name="EnterTest" time="1.805" classname="tests.EnterStoreTest"/>
</testsuite> <!-- tests.EnterStoreTest -->
