<?xml version="1.0" encoding="UTF-8"?>
<!-- Generated by org.testng.reporters.JUnitReportReporter -->
<testsuite skipped="0" hostname="DESKTOP-08P06U8" name="tests.RegistrationTest" tests="1" failures="0" timestamp="2020-03-27T12:52:52 CET" time="182.601" errors="0">
  <testcase name="FillInFormTest" time="182.601" classname="tests.RegistrationTest"/>
</testsuite> <!-- tests.RegistrationTest -->
