<?xml version="1.0" encoding="UTF-8"?>
<!-- Generated by org.testng.reporters.JUnitReportReporter -->
<testsuite skipped="0" hostname="DESKTOP-08P06U8" name="tests.CartTest" tests="2" failures="0" timestamp="2020-03-28T16:59:26 CET" time="12.521" errors="0">
  <testcase name="clearCookiesTest" time="5.814" classname="tests.CartTest"/>
  <testcase name="addToCartTest" time="6.707" classname="tests.CartTest"/>
</testsuite> <!-- tests.CartTest -->
