<?xml version="1.0" encoding="UTF-8"?>
<!-- Generated by org.testng.reporters.JUnitReportReporter -->
<testsuite skipped="0" hostname="DESKTOP-08P06U8" name="tests.SignInTest" tests="1" failures="0" timestamp="2020-03-27T14:20:33 CET" time="42.950" errors="0">
  <testcase name="FillInFormTest" time="42.950" classname="tests.SignInTest"/>
</testsuite> <!-- tests.SignInTest -->
