<?xml version="1.0" encoding="UTF-8"?>
<!-- Generated by org.testng.reporters.JUnitReportReporter -->
<testsuite skipped="0" hostname="DESKTOP-08P06U8" name="tests.PetStoreMenuTest" tests="3" failures="0" timestamp="2020-04-01T00:20:48 CEST" time="33.094" errors="0">
  <testcase name="topMenuContentTest" time="1.145" classname="tests.PetStoreMenuTest"/>
  <testcase name="linkToRightPageTest" time="1.815" classname="tests.PetStoreMenuTest"/>
  <testcase name="verifyUrlTest" time="30.134" classname="tests.PetStoreMenuTest"/>
</testsuite> <!-- tests.PetStoreMenuTest -->
