<?xml version="1.0" encoding="UTF-8"?>
<!-- Generated by org.testng.reporters.JUnitReportReporter -->
<testsuite skipped="0" hostname="DESKTOP-08P06U8" name="tests.PetStoreMenuTest" tests="2" failures="0" timestamp="2020-03-26T00:44:18 CET" time="4.562" errors="0">
  <testcase name="verifyUrlTest" time="1.740" classname="tests.PetStoreMenuTest"/>
  <testcase name="linkToRightPageTest" time="2.822" classname="tests.PetStoreMenuTest"/>
</testsuite> <!-- tests.PetStoreMenuTest -->
